<testsuite errors="0" failures="0" name="Django Project Tests" skips="0" tests="5" time="0.447"><testcase classname="listings.tests.ListingModelTests" name="test_listing_creation" time="0.102532" /><testcase classname="listings.tests.ListingViewsTests" name="test_listing_detail_view" time="0.171618" /><testcase classname="listings.tests.ListingViewsTests" name="test_listing_list_view" time="0.027999" /><testcase classname="listings.tests.ListingViewsTests" name="test_report_detail_view" time="0.018009" /><testcase classname="listings.tests.ReportModelTests" name="test_report_creation" time="0.006005" /></testsuite>