<testsuite errors="0" failures="0" name="Django Project Tests" skips="0" tests="5" time="0.300"><testcase classname="listings.tests.ListingModelTests" name="test_listing_creation" time="0.102903" /><testcase classname="listings.tests.ListingViewsTests" name="test_listing_detail_view" time="0.072945" /><testcase classname="listings.tests.ListingViewsTests" name="test_listing_list_view" time="0.016473" /><testcase classname="listings.tests.ListingViewsTests" name="test_report_detail_view" time="0.012590" /><testcase classname="listings.tests.ReportModelTests" name="test_report_creation" time="0.005825" /></testsuite>