<testsuite errors="0" failures="0" name="Django Project Tests" skips="0" tests="5" time="41.325"><testcase classname="listings.tests.ListingModelTests" name="test_listing_creation" time="0.103573" /><testcase classname="listings.tests.ListingViewsTests" name="test_listing_detail_view" time="0.400114" /><testcase classname="listings.tests.ListingViewsTests" name="test_listing_list_view" time="0.111275" /><testcase classname="listings.tests.ListingViewsTests" name="test_report_detail_view" time="0.092837" /><testcase classname="listings.tests.ReportModelTests" name="test_report_creation" time="0.042183" /></testsuite>